d:\1. work in progress\deftengine\deftengine\debug\deftengine.pdb
d:\1. work in progress\deftengine\deftengine\debug\deftengine.idb
d:\1. work in progress\deftengine\deftengine\debug\imageloader.obj
d:\1. work in progress\deftengine\deftengine\debug\input.obj
d:\1. work in progress\deftengine\deftengine\debug\inputsystem.obj
d:\1. work in progress\deftengine\deftengine\debug\iosystem.obj
d:\1. work in progress\deftengine\deftengine\debug\messagebus.obj
d:\1. work in progress\deftengine\deftengine\debug\picopng.obj
d:\1. work in progress\deftengine\deftengine\debug\sprite.obj
d:\1. work in progress\deftengine\deftengine\debug\spriterenderer.obj
d:\1. work in progress\deftengine\deftengine\debug\spritefont.obj
d:\1. work in progress\deftengine\deftengine\debug\fpslimiter.obj
d:\1. work in progress\deftengine\deftengine\debug\uisystem.obj
d:\1. work in progress\deftengine\deftengine\debug\uitext.obj
d:\1. work in progress\deftengine\deftengine\debug\uibuttonmenu.obj
d:\1. work in progress\deftengine\deftengine\debug\triangle.obj
d:\1. work in progress\deftengine\deftengine\debug\uitoggle.obj
d:\1. work in progress\deftengine\deftengine\debug\uiwindow.obj
d:\1. work in progress\deftengine\deftengine\debug\window.obj
d:\1. work in progress\deftengine\deftengine\debug\world.obj
d:\1. work in progress\deftengine\deftengine\debug\worldchunk.obj
d:\1. work in progress\deftengine\deftengine\debug\worldmanager.obj
d:\1. work in progress\deftengine\deftengine\debug\uiimage.obj
d:\1. work in progress\deftengine\deftengine\debug\uimessagebox.obj
d:\1. work in progress\deftengine\deftengine\debug\circle.obj
d:\1. work in progress\deftengine\deftengine\debug\uibutton.obj
d:\1. work in progress\deftengine\deftengine\debug\mainsystem.obj
d:\1. work in progress\deftengine\deftengine\debug\fatalerrors.obj
d:\1. work in progress\deftengine\deftengine\debug\entity.obj
d:\1. work in progress\deftengine\deftengine\debug\entitymanager.obj
d:\1. work in progress\deftengine\deftengine\debug\grid.obj
d:\1. work in progress\deftengine\deftengine\debug\hashstring.obj
d:\1. work in progress\deftengine\deftengine\debug\loader.obj
d:\1. work in progress\deftengine\deftengine\debug\line.obj
d:\1. work in progress\deftengine\deftengine\debug\loadingscreen.obj
d:\1. work in progress\deftengine\deftengine\debug\mathfunctions.obj
d:\1. work in progress\deftengine\deftengine\debug\message.obj
d:\1. work in progress\deftengine\deftengine\debug\linestrip.obj
d:\1. work in progress\deftengine\deftengine\debug\rectangle.obj
d:\1. work in progress\deftengine\deftengine\debug\renderer.obj
d:\1. work in progress\deftengine\deftengine\debug\resourcemanager.obj
d:\1. work in progress\deftengine\deftengine\debug\shader.obj
d:\1. work in progress\deftengine\deftengine\debug\audiosystem.obj
d:\1. work in progress\deftengine\deftengine\debug\camera2d.obj
d:\1. work in progress\deftengine\deftengine\debug\editor.obj
d:\1. work in progress\deftengine\deftengine\debug\mainmenu.obj
d:\1. work in progress\deftengine\deftengine\debug\shape.obj
d:\1. work in progress\deftengine\deftengine\debug\shaperenderer.obj
d:\1. work in progress\deftengine\deftengine\debug\uidropdownmenu.obj
d:\1. work in progress\deftengine\deftengine\debug\gameui.obj
d:\1. work in progress\deftengine\debug\deftengine.lib
d:\1. work in progress\deftengine\deftengine\debug\deftengine.res
d:\1. work in progress\deftengine\debug\deftengine.pdb
d:\1. work in progress\deftengine\deftengine\debug\deftengine.tlog\cl.command.1.tlog
d:\1. work in progress\deftengine\deftengine\debug\deftengine.tlog\cl.read.1.tlog
d:\1. work in progress\deftengine\deftengine\debug\deftengine.tlog\cl.write.1.tlog
d:\1. work in progress\deftengine\deftengine\debug\deftengine.tlog\lib-link-cvtres.read.1.tlog
d:\1. work in progress\deftengine\deftengine\debug\deftengine.tlog\lib-link-cvtres.write.1.tlog
d:\1. work in progress\deftengine\deftengine\debug\deftengine.tlog\lib.command.1.tlog
d:\1. work in progress\deftengine\deftengine\debug\deftengine.tlog\rc.command.1.tlog
d:\1. work in progress\deftengine\deftengine\debug\deftengine.tlog\rc.read.1.tlog
d:\1. work in progress\deftengine\deftengine\debug\deftengine.tlog\rc.write.1.tlog
